<?xml version="1.0" encoding="UTF-8"?>
<testsuite name="CinemaTests" tests="1" skipped="0" failures="0" errors="0" timestamp="2021-10-02T14:10:28" hostname="HOME-PC" time="5.25">
  <properties/>
  <testcase name="start" classname="CinemaTests" time="5.25"/>
  <system-out><![CDATA[?[1;31m
Start test 1?[0m

  .   ____          _            __ _ _
 /\\ / ___'_ __ _ _(_)_ __  __ _ \ \ \ \
( ( )\___ | '_ | '_| | '_ \/ _` | \ \ \ \
 \\/  ___)| |_)| | | | | || (_| |  ) ) ) )
  '  |____| .__|_| |_|_| |_\__, | / / / /
 =========|_|==============|___/=/_/_/_/
 :: Spring Boot ::        (v2.3.1.RELEASE)

2021-10-02 17:10:29.323  INFO 8524 --- [    Test worker] cinema.Main                              : Starting Main on HOME-PC with PID 8524 (started by vask in C:\Users\vask\IdeaProjects\Cinema Room REST Service\Cinema Room REST Service\task)
2021-10-02 17:10:29.327  INFO 8524 --- [    Test worker] cinema.Main                              : No active profile set, falling back to default profiles: default
2021-10-02 17:10:31.416  INFO 8524 --- [    Test worker] o.s.b.w.embedded.tomcat.TomcatWebServer  : Tomcat initialized with port(s): 28852 (http)
2021-10-02 17:10:31.447  INFO 8524 --- [    Test worker] o.apache.catalina.core.StandardService   : Starting service [Tomcat]
2021-10-02 17:10:31.447  INFO 8524 --- [    Test worker] org.apache.catalina.core.StandardEngine  : Starting Servlet engine: [Apache Tomcat/9.0.36]
2021-10-02 17:10:31.588  INFO 8524 --- [    Test worker] o.a.c.c.C.[Tomcat].[localhost].[/]       : Initializing Spring embedded WebApplicationContext
2021-10-02 17:10:31.588  INFO 8524 --- [    Test worker] w.s.c.ServletWebServerApplicationContext : Root WebApplicationContext: initialization completed in 2115 ms
2021-10-02 17:10:32.056  INFO 8524 --- [    Test worker] o.s.s.concurrent.ThreadPoolTaskExecutor  : Initializing ExecutorService 'applicationTaskExecutor'
2021-10-02 17:10:32.452  INFO 8524 --- [    Test worker] o.s.b.a.e.web.EndpointLinksResolver      : Exposing 14 endpoint(s) beneath base path '/actuator'
2021-10-02 17:10:32.515  INFO 8524 --- [    Test worker] o.s.b.w.embedded.tomcat.TomcatWebServer  : Tomcat started on port(s): 28852 (http) with context path ''
2021-10-02 17:10:32.546  INFO 8524 --- [    Test worker] cinema.Main                              : Started Main in 3.937 seconds (JVM running for 5.042)
2021-10-02 17:10:33.113  INFO 8524 --- [io-28852-exec-1] o.a.c.c.C.[Tomcat].[localhost].[/]       : Initializing Spring DispatcherServlet 'dispatcherServlet'
2021-10-02 17:10:33.114  INFO 8524 --- [io-28852-exec-1] o.s.web.servlet.DispatcherServlet        : Initializing Servlet 'dispatcherServlet'
2021-10-02 17:10:33.125  INFO 8524 --- [io-28852-exec-1] o.s.web.servlet.DispatcherServlet        : Completed initialization in 11 ms
?[1;31m
Start test 2?[0m
?[1;31m
Start test 3?[0m
?[1;31m
Start test 4?[0m
?[1;31m
Start test 5?[0m
?[1;31m
Start test 6?[0m
?[1;31m
Start test 7?[0m
?[1;31m
Start test 8?[0m
?[1;31m
Start test 9?[0m
?[1;31m
Start test 10?[0m
?[1;31m
Start test 11?[0m
?[1;31m
Start test 12?[0m
]]></system-out>
  <system-err><![CDATA[]]></system-err>
</testsuite>
